<?xml version="1.0" encoding="UTF-8"?>
<testsuite xmlns:xsi="http://www.w3.org/2001/XMLSchema-instance" xsi:noNamespaceSchemaLocation="https://maven.apache.org/surefire/maven-surefire-plugin/xsd/surefire-test-report-3.0.xsd" version="3.0" name="us.springett.threatmodeling.ImportMSTamModelTest" time="0.344" tests="7" errors="0" skipped="0" failures="0">
  <properties>
[...]
</properties>
  <testcase name="testParsingNotApplicableThreatState" classname="us.springett.threatmodeling.ImportMSTamModelTest" time="0.177"/>
  <testcase name="testParsingAutoGeneratedThreatState" classname="us.springett.threatmodeling.ImportMSTamModelTest" time="0.029"/>
  <testcase name="testParsingMitigatedThreatState" classname="us.springett.threatmodeling.ImportMSTamModelTest" time="0.028"/>
  <testcase name="testAssignThreatsToAssets" classname="us.springett.threatmodeling.ImportMSTamModelTest" time="0.023"/>
  <testcase name="testParsingDataflows" classname="us.springett.threatmodeling.ImportMSTamModelTest" time="0.023"/>
  <testcase name="testAssigningDataflowsToThreats" classname="us.springett.threatmodeling.ImportMSTamModelTest" time="0.019"/>
  <testcase name="testParsingNeedsInvestigationThreatState" classname="us.springett.threatmodeling.ImportMSTamModelTest" time="0.017"/>
</testsuite>